<?xml version="1.0" encoding="UTF-8"?>
<testng-results skipped="0" failed="0" ignored="0" total="1" passed="1">
  <reporter-output>
  </reporter-output>
  <suite name="Test Suite" duration-ms="79145" started-at="2021-08-25T04:37:23Z" finished-at="2021-08-25T04:38:43Z">
    <groups>
    </groups>
    <test name="Test Cases" duration-ms="79145" started-at="2021-08-25T04:37:23Z" finished-at="2021-08-25T04:38:43Z">
      <class name="Myhcllistener.Itime">
        <test-method status="PASS" signature="itime()[pri:0, instance:Myhcllistener.Itime@64485a47]" name="itime" duration-ms="79105" started-at="2021-08-25T10:07:23Z" finished-at="2021-08-25T10:08:43Z">
          <reporter-output>
          </reporter-output>
        </test-method> <!-- itime -->
      </class> <!-- Myhcllistener.Itime -->
    </test> <!-- Test Cases -->
  </suite> <!-- Test Suite -->
</testng-results>
