<?xml version="1.0" encoding="UTF-8"?>
<!-- Generated by org.testng.reporters.JUnitReportReporter -->
<testsuite name="first.Frun1$Run1" tests="2" time="111.832" ignored="0" failures="0" timestamp="24 Aug 2021 07:11:52 GMT" skipped="0" hostname="LP-PF2YWNSQ" errors="1">
  <testcase name="runScenario" time="86.249" classname="first.Frun1$Run1"/>
  <testcase name="runScenario" time="25.583" classname="first.Frun1$Run1">
    <error type="org.openqa.selenium.ElementClickInterceptedException" message="element click intercepted: Element &lt;input type=&quot;submit&quot; id=&quot;idSIButton9&quot; class=&quot;win-button button_primary button ext-button primary ext-primary&quot; data-bind=&quot;
            attr: primaryButtonAttributes,
            externalCss: {
                &#039;button&#039;: true,
                &#039;primary&#039;: true },
            value: primaryButtonText() || str[&#039;CT_PWD_STR_SignIn_Button_Next&#039;],
            hasFocus: focusOnPrimaryButton,
            click: primaryButton_onClick,
            enable: isPrimaryButtonEnabled,
            visible: isPrimaryButtonVisible,
            preventTabbing: primaryButtonPreventTabbing&quot; value=&quot;Next&quot; disabled=&quot;&quot;&gt; is not clickable at point (631, 240). Other element would receive the click: &lt;div class=&quot;lightbox-cover disable-lightbox&quot; data-bind=&quot;css: { &#039;disable-lightbox&#039;: svr.fAllowGrayOutLightBox &amp;amp;&amp;amp; showLightboxProgress() }&quot;&gt;&lt;/div&gt;
  (Session info: chrome=92.0.4515.159)
Build info: version: &#039;3.8.0&#039;, revision: &#039;924c4067df&#039;, time: &#039;2017-11-30T11:20:39.408Z&#039;
System info: host: &#039;LP-PF2YWNSQ&#039;, ip: &#039;192.168.43.160&#039;, os.name: &#039;Windows 10&#039;, os.arch: &#039;amd64&#039;, os.version: &#039;10.0&#039;, java.version: &#039;1.8.0_181&#039;
Driver info: org.openqa.selenium.chrome.ChromeDriver
Capabilities {acceptInsecureCerts: false, browserName: chrome, browserVersion: 92.0.4515.159, chrome: {chromedriverVersion: 92.0.4515.43 (8c61b7e2989f2..., userDataDir: C:\Users\MOUNIK~1.VAR\AppDa...}, goog:chromeOptions: {debuggerAddress: localhost:65475}, javascriptEnabled: true, networkConnectionEnabled: false, pageLoadStrategy: normal, platform: WINDOWS, platformName: WINDOWS, proxy: Proxy(), setWindowRect: true, strictFileInteractability: false, timeouts: {implicit: 0, pageLoad: 300000, script: 30000}, unhandledPromptBehavior: dismiss and notify, webauthn:extension:credBlob: true, webauthn:extension:largeBlob: true, webauthn:virtualAuthenticators: true}
Session ID: 1ece89fa9d7a51402e5abb8a8d0fd3ef">
      <![CDATA[org.openqa.selenium.ElementClickInterceptedException: element click intercepted: Element <input type="submit" id="idSIButton9" class="win-button button_primary button ext-button primary ext-primary" data-bind="
            attr: primaryButtonAttributes,
            externalCss: {
                'button': true,
                'primary': true },
            value: primaryButtonText() || str['CT_PWD_STR_SignIn_Button_Next'],
            hasFocus: focusOnPrimaryButton,
            click: primaryButton_onClick,
            enable: isPrimaryButtonEnabled,
            visible: isPrimaryButtonVisible,
            preventTabbing: primaryButtonPreventTabbing" value="Next" disabled=""> is not clickable at point (631, 240). Other element would receive the click: <div class="lightbox-cover disable-lightbox" data-bind="css: { 'disable-lightbox': svr.fAllowGrayOutLightBox &amp;&amp; showLightboxProgress() }"></div>
  (Session info: chrome=92.0.4515.159)
Build info: version: '3.8.0', revision: '924c4067df', time: '2017-11-30T11:20:39.408Z'
System info: host: 'LP-PF2YWNSQ', ip: '192.168.43.160', os.name: 'Windows 10', os.arch: 'amd64', os.version: '10.0', java.version: '1.8.0_181'
Driver info: org.openqa.selenium.chrome.ChromeDriver
Capabilities {acceptInsecureCerts: false, browserName: chrome, browserVersion: 92.0.4515.159, chrome: {chromedriverVersion: 92.0.4515.43 (8c61b7e2989f2..., userDataDir: C:\Users\MOUNIK~1.VAR\AppDa...}, goog:chromeOptions: {debuggerAddress: localhost:65475}, javascriptEnabled: true, networkConnectionEnabled: false, pageLoadStrategy: normal, platform: WINDOWS, platformName: WINDOWS, proxy: Proxy(), setWindowRect: true, strictFileInteractability: false, timeouts: {implicit: 0, pageLoad: 300000, script: 30000}, unhandledPromptBehavior: dismiss and notify, webauthn:extension:credBlob: true, webauthn:extension:largeBlob: true, webauthn:virtualAuthenticators: true}
Session ID: 1ece89fa9d7a51402e5abb8a8d0fd3ef
	at sun.reflect.NativeConstructorAccessorImpl.newInstance0(Native Method)
	at sun.reflect.NativeConstructorAccessorImpl.newInstance(Unknown Source)
	at sun.reflect.DelegatingConstructorAccessorImpl.newInstance(Unknown Source)
	at java.lang.reflect.Constructor.newInstance(Unknown Source)
	at org.openqa.selenium.remote.http.W3CHttpResponseCodec.createException(W3CHttpResponseCodec.java:187)
	at org.openqa.selenium.remote.http.W3CHttpResponseCodec.decode(W3CHttpResponseCodec.java:122)
	at org.openqa.selenium.remote.http.W3CHttpResponseCodec.decode(W3CHttpResponseCodec.java:49)
	at org.openqa.selenium.remote.HttpCommandExecutor.execute(HttpCommandExecutor.java:164)
	at org.openqa.selenium.remote.service.DriverCommandExecutor.execute(DriverCommandExecutor.java:83)
	at org.openqa.selenium.remote.RemoteWebDriver.execute(RemoteWebDriver.java:601)
	at org.openqa.selenium.remote.RemoteWebElement.execute(RemoteWebElement.java:279)
	at org.openqa.selenium.remote.RemoteWebElement.click(RemoteWebElement.java:83)
	at Scenariofirst.Scene1.Login_success(Scene1.java:44)
	at ✽.Login success(file:///C:/eclipse-work/BDDCucumber/Cucumber/First.feature:5)
]]>
    </error>
  </testcase> <!-- runScenario -->
</testsuite> <!-- first.Frun1$Run1 -->
