<?xml version="1.0" encoding="UTF-8"?>
<testng-results skipped="0" failed="1" ignored="0" total="2" passed="1">
  <reporter-output>
  </reporter-output>
  <suite name="Default suite" duration-ms="112274" started-at="2021-08-24T07:09:59Z" finished-at="2021-08-24T07:11:52Z">
    <groups>
      <group name="cucumber">
        <method signature="AbstractTestNGCucumberTests.runScenario(io.cucumber.testng.PickleWrapper, io.cucumber.testng.FeatureWrapper)[pri:0, instance:first.Frun1$Run1@1bce4f0a]" name="runScenario" class="io.cucumber.testng.AbstractTestNGCucumberTests"/>
      </group> <!-- cucumber -->
    </groups>
    <test name="Default test" duration-ms="112274" started-at="2021-08-24T07:09:59Z" finished-at="2021-08-24T07:11:52Z">
      <class name="first.Frun1$Run1">
        <test-method status="PASS" signature="setUpClass()[pri:0, instance:first.Frun1$Run1@1bce4f0a]" name="setUpClass" is-config="true" duration-ms="397" started-at="2021-08-24T12:39:59Z" finished-at="2021-08-24T12:40:00Z">
          <reporter-output>
          </reporter-output>
        </test-method> <!-- setUpClass -->
        <test-method status="FAIL" signature="runScenario(io.cucumber.testng.PickleWrapper, io.cucumber.testng.FeatureWrapper)[pri:0, instance:first.Frun1$Run1@1bce4f0a]" name="runScenario" duration-ms="25583" started-at="2021-08-24T12:40:00Z" description="Runs Cucumber Scenarios" data-provider="scenarios" finished-at="2021-08-24T12:40:25Z">
          <params>
            <param index="0">
              <value>
                <![CDATA["test the login page with valid credentials"]]>
              </value>
            </param>
            <param index="1">
              <value>
                <![CDATA["Optional[test the myhcl application]"]]>
              </value>
            </param>
          </params>
          <exception class="org.openqa.selenium.ElementClickInterceptedException">
            <message>
              <![CDATA[element click intercepted: Element <input type="submit" id="idSIButton9" class="win-button button_primary button ext-button primary ext-primary" data-bind="
            attr: primaryButtonAttributes,
            externalCss: {
                'button': true,
                'primary': true },
            value: primaryButtonText() || str['CT_PWD_STR_SignIn_Button_Next'],
            hasFocus: focusOnPrimaryButton,
            click: primaryButton_onClick,
            enable: isPrimaryButtonEnabled,
            visible: isPrimaryButtonVisible,
            preventTabbing: primaryButtonPreventTabbing" value="Next" disabled=""> is not clickable at point (631, 240). Other element would receive the click: <div class="lightbox-cover disable-lightbox" data-bind="css: { 'disable-lightbox': svr.fAllowGrayOutLightBox &amp;&amp; showLightboxProgress() }"></div>
  (Session info: chrome=92.0.4515.159)
Build info: version: '3.8.0', revision: '924c4067df', time: '2017-11-30T11:20:39.408Z'
System info: host: 'LP-PF2YWNSQ', ip: '192.168.43.160', os.name: 'Windows 10', os.arch: 'amd64', os.version: '10.0', java.version: '1.8.0_181'
Driver info: org.openqa.selenium.chrome.ChromeDriver
Capabilities {acceptInsecureCerts: false, browserName: chrome, browserVersion: 92.0.4515.159, chrome: {chromedriverVersion: 92.0.4515.43 (8c61b7e2989f2..., userDataDir: C:\Users\MOUNIK~1.VAR\AppDa...}, goog:chromeOptions: {debuggerAddress: localhost:65475}, javascriptEnabled: true, networkConnectionEnabled: false, pageLoadStrategy: normal, platform: WINDOWS, platformName: WINDOWS, proxy: Proxy(), setWindowRect: true, strictFileInteractability: false, timeouts: {implicit: 0, pageLoad: 300000, script: 30000}, unhandledPromptBehavior: dismiss and notify, webauthn:extension:credBlob: true, webauthn:extension:largeBlob: true, webauthn:virtualAuthenticators: true}
Session ID: 1ece89fa9d7a51402e5abb8a8d0fd3ef]]>
            </message>
            <full-stacktrace>
              <![CDATA[org.openqa.selenium.ElementClickInterceptedException: element click intercepted: Element <input type="submit" id="idSIButton9" class="win-button button_primary button ext-button primary ext-primary" data-bind="
            attr: primaryButtonAttributes,
            externalCss: {
                'button': true,
                'primary': true },
            value: primaryButtonText() || str['CT_PWD_STR_SignIn_Button_Next'],
            hasFocus: focusOnPrimaryButton,
            click: primaryButton_onClick,
            enable: isPrimaryButtonEnabled,
            visible: isPrimaryButtonVisible,
            preventTabbing: primaryButtonPreventTabbing" value="Next" disabled=""> is not clickable at point (631, 240). Other element would receive the click: <div class="lightbox-cover disable-lightbox" data-bind="css: { 'disable-lightbox': svr.fAllowGrayOutLightBox &amp;&amp; showLightboxProgress() }"></div>
  (Session info: chrome=92.0.4515.159)
Build info: version: '3.8.0', revision: '924c4067df', time: '2017-11-30T11:20:39.408Z'
System info: host: 'LP-PF2YWNSQ', ip: '192.168.43.160', os.name: 'Windows 10', os.arch: 'amd64', os.version: '10.0', java.version: '1.8.0_181'
Driver info: org.openqa.selenium.chrome.ChromeDriver
Capabilities {acceptInsecureCerts: false, browserName: chrome, browserVersion: 92.0.4515.159, chrome: {chromedriverVersion: 92.0.4515.43 (8c61b7e2989f2..., userDataDir: C:\Users\MOUNIK~1.VAR\AppDa...}, goog:chromeOptions: {debuggerAddress: localhost:65475}, javascriptEnabled: true, networkConnectionEnabled: false, pageLoadStrategy: normal, platform: WINDOWS, platformName: WINDOWS, proxy: Proxy(), setWindowRect: true, strictFileInteractability: false, timeouts: {implicit: 0, pageLoad: 300000, script: 30000}, unhandledPromptBehavior: dismiss and notify, webauthn:extension:credBlob: true, webauthn:extension:largeBlob: true, webauthn:virtualAuthenticators: true}
Session ID: 1ece89fa9d7a51402e5abb8a8d0fd3ef
	at sun.reflect.NativeConstructorAccessorImpl.newInstance0(Native Method)
	at sun.reflect.NativeConstructorAccessorImpl.newInstance(Unknown Source)
	at sun.reflect.DelegatingConstructorAccessorImpl.newInstance(Unknown Source)
	at java.lang.reflect.Constructor.newInstance(Unknown Source)
	at org.openqa.selenium.remote.http.W3CHttpResponseCodec.createException(W3CHttpResponseCodec.java:187)
	at org.openqa.selenium.remote.http.W3CHttpResponseCodec.decode(W3CHttpResponseCodec.java:122)
	at org.openqa.selenium.remote.http.W3CHttpResponseCodec.decode(W3CHttpResponseCodec.java:49)
	at org.openqa.selenium.remote.HttpCommandExecutor.execute(HttpCommandExecutor.java:164)
	at org.openqa.selenium.remote.service.DriverCommandExecutor.execute(DriverCommandExecutor.java:83)
	at org.openqa.selenium.remote.RemoteWebDriver.execute(RemoteWebDriver.java:601)
	at org.openqa.selenium.remote.RemoteWebElement.execute(RemoteWebElement.java:279)
	at org.openqa.selenium.remote.RemoteWebElement.click(RemoteWebElement.java:83)
	at Scenariofirst.Scene1.Login_success(Scene1.java:44)
	at ✽.Login success(file:///C:/eclipse-work/BDDCucumber/Cucumber/First.feature:5)
]]>
            </full-stacktrace>
          </exception> <!-- org.openqa.selenium.ElementClickInterceptedException -->
          <reporter-output>
          </reporter-output>
        </test-method> <!-- runScenario -->
        <test-method status="PASS" signature="runScenario(io.cucumber.testng.PickleWrapper, io.cucumber.testng.FeatureWrapper)[pri:0, instance:first.Frun1$Run1@1bce4f0a]" name="runScenario" duration-ms="86249" started-at="2021-08-24T12:40:25Z" description="Runs Cucumber Scenarios" data-provider="scenarios" finished-at="2021-08-24T12:41:52Z">
          <params>
            <param index="0">
              <value>
                <![CDATA["test the itime page"]]>
              </value>
            </param>
            <param index="1">
              <value>
                <![CDATA["Optional[test the myhcl application]"]]>
              </value>
            </param>
          </params>
          <reporter-output>
          </reporter-output>
        </test-method> <!-- runScenario -->
        <test-method status="PASS" signature="tearDownClass()[pri:0, instance:first.Frun1$Run1@1bce4f0a]" name="tearDownClass" is-config="true" duration-ms="18" started-at="2021-08-24T12:41:52Z" finished-at="2021-08-24T12:41:52Z">
          <reporter-output>
          </reporter-output>
        </test-method> <!-- tearDownClass -->
      </class> <!-- first.Frun1$Run1 -->
    </test> <!-- Default test -->
  </suite> <!-- Default suite -->
</testng-results>
