<?xml version="1.0" encoding="UTF-8"?>
<!-- Generated by org.testng.reporters.JUnitXMLReporter -->
<testsuite hostname="LP-PF2YWNSQ" ignored="0" name="Default test" tests="9" failures="0" timestamp="24 Aug 2021 12:50:29 GMT" time="192.59" errors="0">
  <testcase name="itime" time="97.225" classname="Myhcllistener.Itime"/>
  <testcase name="onFinish" time="0.01" classname="Myhcllistener.Listener"/>
  <testcase name="onStart" time="0.0" classname="Myhcllistener.Listener"/>
  <testcase name="onTestFailedButWithinSuccessPercentage" time="0.008" classname="Myhcllistener.Listener"/>
  <testcase name="onTestFailure" time="0.008" classname="Myhcllistener.Listener"/>
  <testcase name="onTestSkipped" time="0.0" classname="Myhcllistener.Listener"/>
  <testcase name="onTestStart" time="0.0" classname="Myhcllistener.Listener"/>
  <testcase name="onTestSuccess" time="0.0" classname="Myhcllistener.Listener"/>
  <testcase name="itime" time="95.264" classname="Myhcllistener.Itime"/>
</testsuite> <!-- Default test -->
